c:\users\lin\desktop\hw4_fltk_image_stitching\hw4_fltk_image_stitching\x64\debug\vc142.pdb
c:\users\lin\desktop\hw4_fltk_image_stitching\hw4_fltk_image_stitching\x64\debug\vc142.idb
c:\users\lin\desktop\hw4_fltk_image_stitching\hw4_fltk_image_stitching\x64\debug\stdafx.obj
c:\users\lin\desktop\hw4_fltk_image_stitching\hw4_fltk_image_stitching\x64\debug\myblending.obj
c:\users\lin\desktop\hw4_fltk_image_stitching\hw4_fltk_image_stitching\x64\debug\hw4_fltk_image_stitching.obj
c:\users\lin\desktop\code_20211129\hw4_fltk_image_stitching\hw4_fltk_image_stitching\x64\debug\vc142.pdb
c:\users\lin\desktop\code_20211129\hw4_fltk_image_stitching\hw4_fltk_image_stitching\x64\debug\vc142.idb
c:\users\lin\desktop\code_20211129\hw4_fltk_image_stitching\hw4_fltk_image_stitching\x64\debug\hw4_fltk_image_stitching.obj
c:\users\lin\desktop\hw4_fltk_image_stitching\x64\debug\hw4_fltk_image_stitching.exe
c:\users\lin\desktop\hw4_fltk_image_stitching\hw4_fltk_image_stitching\x64\debug\hw4_fltk_image_stitching.ilk
c:\users\lin\desktop\hw4_fltk_image_stitching\x64\debug\hw4_fltk_image_stitching.pdb
c:\users\lin\desktop\code_20211129\hw4_fltk_image_stitching\x64\debug\hw4_fltk_image_stitching.exe
c:\users\lin\desktop\code_20211129\hw4_fltk_image_stitching\hw4_fltk_image_stitching\x64\debug\hw4_fltk_image_stitching.ilk
c:\users\lin\desktop\code_20211129\hw4_fltk_image_stitching\x64\debug\hw4_fltk_image_stitching.pdb
c:\users\lin\desktop\code_20211129\hw4_fltk_image_stitching\hw4_fltk_image_stitching\x64\debug\myblending.obj
c:\users\lin\desktop\code_20211129\hw4_fltk_image_stitching\hw4_fltk_image_stitching\x64\debug\stdafx.obj
c:\users\lin\desktop\code_20211129\hw4_fltk_image_stitching\hw4_fltk_image_stitching\x64\debug\hw4_fltk_image_stitching.obj.enc
c:\users\lin\desktop\code_20211129\hw4_fltk_image_stitching\hw4_fltk_image_stitching\x64\debug\hw4_fltk.9bee9d55.tlog\cl.command.1.tlog
c:\users\lin\desktop\code_20211129\hw4_fltk_image_stitching\hw4_fltk_image_stitching\x64\debug\hw4_fltk.9bee9d55.tlog\cl.read.1.tlog
c:\users\lin\desktop\code_20211129\hw4_fltk_image_stitching\hw4_fltk_image_stitching\x64\debug\hw4_fltk.9bee9d55.tlog\cl.write.1.tlog
c:\users\lin\desktop\code_20211129\hw4_fltk_image_stitching\hw4_fltk_image_stitching\x64\debug\hw4_fltk.9bee9d55.tlog\link.command.1.tlog
c:\users\lin\desktop\code_20211129\hw4_fltk_image_stitching\hw4_fltk_image_stitching\x64\debug\hw4_fltk.9bee9d55.tlog\link.read.1.tlog
c:\users\lin\desktop\code_20211129\hw4_fltk_image_stitching\hw4_fltk_image_stitching\x64\debug\hw4_fltk.9bee9d55.tlog\link.write.1.tlog
